15:19:54 **** Build of configuration Debug for project 02_external_led_toggle ****
make -j4 all 
arm-none-eabi-gcc -mcpu=cortex-m4 -g3 -c -x assembler-with-cpp -MMD -MP -MF"Startup/startup_stm32f446retx.d" -MT"Startup/startup_stm32f446retx.o" --specs=nano.specs -mfloat-abi=soft -mthumb -o "Startup/startup_stm32f446retx.o" "../Startup/startup_stm32f446retx.s"
arm-none-eabi-gcc "../Src/main.c" -mcpu=cortex-m4 -std=gnu11 -g3 -DDEBUG -DSTM32 -DSTM32F4 -DSTM32F446RETx -DNUCLEO_F446RE -c -I../Inc -O0 -ffunction-sections -fdata-sections -Wall -fstack-usage -MMD -MP -MF"Src/main.d" -MT"Src/main.o" --specs=nano.specs -mfloat-abi=soft -mthumb -o "Src/main.o"
arm-none-eabi-gcc "../Src/syscalls.c" -mcpu=cortex-m4 -std=gnu11 -g3 -DDEBUG -DSTM32 -DSTM32F4 -DSTM32F446RETx -DNUCLEO_F446RE -c -I../Inc -O0 -ffunction-sections -fdata-sections -Wall -fstack-usage -MMD -MP -MF"Src/syscalls.d" -MT"Src/syscalls.o" --specs=nano.specs -mfloat-abi=soft -mthumb -o "Src/syscalls.o"
arm-none-eabi-gcc "../Src/sysmem.c" -mcpu=cortex-m4 -std=gnu11 -g3 -DDEBUG -DSTM32 -DSTM32F4 -DSTM32F446RETx -DNUCLEO_F446RE -c -I../Inc -O0 -ffunction-sections -fdata-sections -Wall -fstack-usage -MMD -MP -MF"Src/sysmem.d" -MT"Src/sysmem.o" --specs=nano.specs -mfloat-abi=soft -mthumb -o "Src/sysmem.o"
arm-none-eabi-gcc -o "02_external_led_toggle.elf" @"objects.list"   -mcpu=cortex-m4 -T"C:\Users\Navjeevan\OneDrive\Documents\GitHub\STM32\BARE_METAL_PROGRAMMING_STM32F446RE\WORKSPACE\02_external_led_toggle\STM32F446RETX_FLASH.ld" --specs=nosys.specs -Wl,-Map="02_external_led_toggle.map" -Wl,--gc-sections -static --specs=nano.specs -mfloat-abi=soft -mthumb -Wl,--start-group -lc -lm -Wl,--end-group
Finished building target: 02_external_led_toggle.elf
 
arm-none-eabi-size   02_external_led_toggle.elf 
arm-none-eabi-objdump -h -S  02_external_led_toggle.elf  > "02_external_led_toggle.list"
arm-none-eabi-objcopy  -O binary  02_external_led_toggle.elf  "02_external_led_toggle.bin"
   text	   data	    bss	    dec	    hex	filename
    788	      8	   1568	   2364	    93c	02_external_led_toggle.elf
Finished building: default.size.stdout
 
Finished building: 02_external_led_toggle.bin
Finished building: 02_external_led_toggle.list
 
 
15:20:00 **** Incremental Build of configuration Debug for project 02_external_led_toggle ****
make -j4 all 
arm-none-eabi-size   02_external_led_toggle.elf 
   text	   data	    bss	    dec	    hex	filename
    788	      8	   1568	   2364	    93c	02_external_led_toggle.elf
Finished building: default.size.stdout
 
15:20:06 **** Incremental Build of configuration Debug for project 02_external_led_toggle ****
make -j4 all 
arm-none-eabi-size   02_external_led_toggle.elf 
   text	   data	    bss	    dec	    hex	filename
    788	      8	   1568	   2364	    93c	02_external_led_toggle.elf
Finished building: default.size.stdout
 
