2021-07-02 18:20:36,487 [INFO] Activator:170 - 


2021-07-02 18:20:36,489 [INFO] Activator:171 - !SESSION log4j initialized
2021-07-02 18:57:02,904 [INFO] McuFinderGlobals:39 - Set McuFinder mode to 2 (CubeIDE integrated)
2021-07-02 18:57:04,523 [INFO] ApplicationProperties:181 - Using Application install path: C:\ST\STM32CubeIDE_1.1.0\STM32CubeIDE\plugins\com.st.stm32cube.common.mx_6.2.1.202103241236
2021-07-02 18:57:04,571 [INFO] DbMcusXml:74 - Set database path to: C:\ST\STM32CubeIDE_1.1.0\STM32CubeIDE\plugins\com.st.stm32cube.common.mx_6.2.1.202103241236\\db\/mcu/
2021-07-02 18:57:04,579 [INFO] DbBoardsPdsc:56 - Set plugin database path to: C:\ST\STM32CubeIDE_1.1.0\STM32CubeIDE\plugins\com.st.stm32cube.common.mx_6.2.1.202103241236\\db\/plugins/boardmanager/
2021-07-02 18:57:04,580 [INFO] DbMcus:258 - Set plugin images path to: C:\ST\STM32CubeIDE_1.1.0\STM32CubeIDE\plugins\com.st.stm32cube.common.mx_6.2.1.202103241236\\db\/plugins/mcufinder/images/
2021-07-02 18:57:04,580 [INFO] DbBoards:264 - Set plugin images path to: C:\ST\STM32CubeIDE_1.1.0\STM32CubeIDE\plugins\com.st.stm32cube.common.mx_6.2.1.202103241236\\db\/plugins/mcufinder/images/
2021-07-02 18:57:04,584 [INFO] DbExamples:333 - Set plugin images path to: C:\ST\STM32CubeIDE_1.1.0\STM32CubeIDE\plugins\com.st.stm32cube.common.mx_6.2.1.202103241236\\db\/plugins/mcufinder/images/
2021-07-02 18:57:04,852 [INFO] DbMcusAds:85 - Set database path to: C:\Users\Navjeevan\.stmcufinder\plugins\mcufinder//mcu/
2021-07-02 18:57:04,858 [INFO] DbMcusDocs:110 - Set database path to: C:\Users\Navjeevan\.stmcufinder\plugins\mcufinder//mcu/
2021-07-02 18:57:04,865 [INFO] DbMcusJson:65 - Set database path to: C:\Users\Navjeevan\.stmcufinder\plugins\mcufinder//mcu/
2021-07-02 18:57:04,867 [INFO] DbBoardsDocs:110 - Set database path to: C:\Users\Navjeevan\.stmcufinder\plugins\mcufinder//mcu/
2021-07-02 18:57:04,869 [INFO] DbBoardsJson:58 - Set database path to: C:\Users\Navjeevan\.stmcufinder\plugins\mcufinder//mcu/
2021-07-02 18:57:05,272 [INFO] CrossReferenceDbSqlite:196 - Set database path to: C:\Users\Navjeevan\.stmcufinder\plugins\mcufinder//mcu/cs/
2021-07-02 18:57:05,284 [INFO] DbExamplesSqlite:690 - Set database path to: C:\Users\Navjeevan\.stmcufinder\plugins\mcufinder//mcu/
2021-07-02 18:57:06,001 [INFO] RulesReader:52 - Compatibility file has been processed (237 Rules)
2021-07-02 18:57:06,535 [INFO] MicroXplorer:622 - Detected Java Version = 11.0.9.1
2021-07-02 18:57:06,537 [INFO] DbMcusXml:74 - Set database path to: C:\ST\STM32CubeIDE_1.1.0\STM32CubeIDE\plugins\com.st.stm32cube.common.mx_6.2.1.202103241236\\db\/mcu/
2021-07-02 18:57:06,537 [INFO] DbBoardsPdsc:56 - Set plugin database path to: C:\ST\STM32CubeIDE_1.1.0\STM32CubeIDE\plugins\com.st.stm32cube.common.mx_6.2.1.202103241236\\db\/plugins/boardmanager/
2021-07-02 18:57:06,537 [INFO] DbMcus:258 - Set plugin images path to: C:\ST\STM32CubeIDE_1.1.0\STM32CubeIDE\plugins\com.st.stm32cube.common.mx_6.2.1.202103241236\\db\/plugins/mcufinder/images/
2021-07-02 18:57:06,537 [INFO] DbBoards:264 - Set plugin images path to: C:\ST\STM32CubeIDE_1.1.0\STM32CubeIDE\plugins\com.st.stm32cube.common.mx_6.2.1.202103241236\\db\/plugins/mcufinder/images/
2021-07-02 18:57:06,538 [INFO] DbExamples:333 - Set plugin images path to: C:\ST\STM32CubeIDE_1.1.0\STM32CubeIDE\plugins\com.st.stm32cube.common.mx_6.2.1.202103241236\\db\/plugins/mcufinder/images/
2021-07-02 18:57:06,538 [WARN] DbFile:35 - Overriding database path with different value: C:\Users\Navjeevan\.stmcufinder\plugins\mcufinder/ => C:\Users\Navjeevan\.stmcufinder\plugins\mcufinder
2021-07-02 18:57:06,538 [INFO] DbMcusAds:85 - Set database path to: C:\Users\Navjeevan\.stmcufinder\plugins\mcufinder//mcu/
2021-07-02 18:57:06,538 [WARN] DbFile:35 - Overriding database path with different value: C:\Users\Navjeevan\.stmcufinder\plugins\mcufinder/ => C:\Users\Navjeevan\.stmcufinder\plugins\mcufinder
2021-07-02 18:57:06,538 [INFO] DbMcusDocs:110 - Set database path to: C:\Users\Navjeevan\.stmcufinder\plugins\mcufinder//mcu/
2021-07-02 18:57:06,539 [WARN] DbFile:35 - Overriding database path with different value: C:\Users\Navjeevan\.stmcufinder\plugins\mcufinder/ => C:\Users\Navjeevan\.stmcufinder\plugins\mcufinder
2021-07-02 18:57:06,539 [INFO] DbMcusJson:65 - Set database path to: C:\Users\Navjeevan\.stmcufinder\plugins\mcufinder//mcu/
2021-07-02 18:57:06,539 [WARN] DbFile:35 - Overriding database path with different value: C:\Users\Navjeevan\.stmcufinder\plugins\mcufinder/ => C:\Users\Navjeevan\.stmcufinder\plugins\mcufinder
2021-07-02 18:57:06,539 [INFO] DbBoardsDocs:110 - Set database path to: C:\Users\Navjeevan\.stmcufinder\plugins\mcufinder//mcu/
2021-07-02 18:57:06,540 [WARN] DbFile:35 - Overriding database path with different value: C:\Users\Navjeevan\.stmcufinder\plugins\mcufinder/ => C:\Users\Navjeevan\.stmcufinder\plugins\mcufinder
2021-07-02 18:57:06,540 [INFO] DbBoardsJson:58 - Set database path to: C:\Users\Navjeevan\.stmcufinder\plugins\mcufinder//mcu/
2021-07-02 18:57:06,540 [WARN] DbFile:35 - Overriding database path with different value: C:\Users\Navjeevan\.stmcufinder\plugins\mcufinder/ => C:\Users\Navjeevan\.stmcufinder\plugins\mcufinder
2021-07-02 18:57:06,540 [WARN] DbFile:35 - Overriding database path with different value: C:\Users\Navjeevan\.stmcufinder\plugins\mcufinder/ => C:\Users\Navjeevan\.stmcufinder\plugins\mcufinder
2021-07-02 18:57:06,540 [INFO] CrossReferenceDbSqlite:196 - Set database path to: C:\Users\Navjeevan\.stmcufinder\plugins\mcufinder//mcu/cs/
2021-07-02 18:57:06,540 [WARN] DbFile:35 - Overriding database path with different value: C:\Users\Navjeevan\.stmcufinder\plugins\mcufinder/ => C:\Users\Navjeevan\.stmcufinder\plugins\mcufinder
2021-07-02 18:57:06,541 [INFO] DbExamplesSqlite:690 - Set database path to: C:\Users\Navjeevan\.stmcufinder\plugins\mcufinder//mcu/
2021-07-02 18:57:06,995 [INFO] MainPanel:204 - HeapMemory: 344981504
2021-07-02 18:57:07,352 [INFO] DbMcusXml:74 - Set database path to: C:\ST\STM32CubeIDE_1.1.0\STM32CubeIDE\plugins\com.st.stm32cube.common.mx_6.2.1.202103241236\\db\/mcu/
2021-07-02 18:57:07,353 [INFO] DbBoardsPdsc:56 - Set plugin database path to: C:\ST\STM32CubeIDE_1.1.0\STM32CubeIDE\plugins\com.st.stm32cube.common.mx_6.2.1.202103241236\\db\/plugins/boardmanager/
2021-07-02 18:57:07,354 [INFO] DbMcus:258 - Set plugin images path to: C:\ST\STM32CubeIDE_1.1.0\STM32CubeIDE\plugins\com.st.stm32cube.common.mx_6.2.1.202103241236\\db\/plugins/mcufinder/images/
2021-07-02 18:57:07,354 [INFO] DbBoards:264 - Set plugin images path to: C:\ST\STM32CubeIDE_1.1.0\STM32CubeIDE\plugins\com.st.stm32cube.common.mx_6.2.1.202103241236\\db\/plugins/mcufinder/images/
2021-07-02 18:57:07,354 [INFO] DbExamples:333 - Set plugin images path to: C:\ST\STM32CubeIDE_1.1.0\STM32CubeIDE\plugins\com.st.stm32cube.common.mx_6.2.1.202103241236\\db\/plugins/mcufinder/images/
2021-07-02 18:57:07,361 [WARN] DbFile:35 - Overriding database path with different value: C:\Users\Navjeevan\.stmcufinder\plugins\mcufinder/ => C:\Users\Navjeevan\.stmcufinder\plugins\mcufinder
2021-07-02 18:57:07,361 [INFO] DbMcusAds:85 - Set database path to: C:\Users\Navjeevan\.stmcufinder\plugins\mcufinder//mcu/
2021-07-02 18:57:07,362 [WARN] DbFile:35 - Overriding database path with different value: C:\Users\Navjeevan\.stmcufinder\plugins\mcufinder/ => C:\Users\Navjeevan\.stmcufinder\plugins\mcufinder
2021-07-02 18:57:07,362 [INFO] DbMcusDocs:110 - Set database path to: C:\Users\Navjeevan\.stmcufinder\plugins\mcufinder//mcu/
2021-07-02 18:57:07,363 [WARN] DbFile:35 - Overriding database path with different value: C:\Users\Navjeevan\.stmcufinder\plugins\mcufinder/ => C:\Users\Navjeevan\.stmcufinder\plugins\mcufinder
2021-07-02 18:57:07,363 [INFO] DbMcusJson:65 - Set database path to: C:\Users\Navjeevan\.stmcufinder\plugins\mcufinder//mcu/
2021-07-02 18:57:07,364 [WARN] DbFile:35 - Overriding database path with different value: C:\Users\Navjeevan\.stmcufinder\plugins\mcufinder/ => C:\Users\Navjeevan\.stmcufinder\plugins\mcufinder
2021-07-02 18:57:07,365 [INFO] DbBoardsDocs:110 - Set database path to: C:\Users\Navjeevan\.stmcufinder\plugins\mcufinder//mcu/
2021-07-02 18:57:07,365 [WARN] DbFile:35 - Overriding database path with different value: C:\Users\Navjeevan\.stmcufinder\plugins\mcufinder/ => C:\Users\Navjeevan\.stmcufinder\plugins\mcufinder
2021-07-02 18:57:07,366 [INFO] DbBoardsJson:58 - Set database path to: C:\Users\Navjeevan\.stmcufinder\plugins\mcufinder//mcu/
2021-07-02 18:57:07,366 [WARN] DbFile:35 - Overriding database path with different value: C:\Users\Navjeevan\.stmcufinder\plugins\mcufinder/ => C:\Users\Navjeevan\.stmcufinder\plugins\mcufinder
2021-07-02 18:57:07,366 [WARN] DbFile:35 - Overriding database path with different value: C:\Users\Navjeevan\.stmcufinder\plugins\mcufinder/ => C:\Users\Navjeevan\.stmcufinder\plugins\mcufinder
2021-07-02 18:57:07,367 [INFO] CrossReferenceDbSqlite:196 - Set database path to: C:\Users\Navjeevan\.stmcufinder\plugins\mcufinder//mcu/cs/
2021-07-02 18:57:07,367 [WARN] DbFile:35 - Overriding database path with different value: C:\Users\Navjeevan\.stmcufinder\plugins\mcufinder/ => C:\Users\Navjeevan\.stmcufinder\plugins\mcufinder
2021-07-02 18:57:07,368 [INFO] DbExamplesSqlite:690 - Set database path to: C:\Users\Navjeevan\.stmcufinder\plugins\mcufinder//mcu/
2021-07-02 18:57:07,474 [INFO] ApplicationProperties:181 - Using Application install path: C:\ST\STM32CubeIDE_1.1.0\STM32CubeIDE\plugins\com.st.stm32cube.common.mx_6.2.1.202103241236
2021-07-02 18:57:07,476 [INFO] PluginManage:178 - Search for loadable plugins [exclusion list=, ]
2021-07-02 18:57:07,507 [INFO] PluginManage:292 - Check plugin analytics
2021-07-02 18:57:12,516 [INFO] AnalyticsPlugin:233 - Accepted Software Licenses: STM32CubeMX.5.1.0,STM32CubeMX.5.6.1,STM32CubeMX.6.0.1,STM32CubeMX.6.1.1,STM32CubeMX.6.1.2
2021-07-02 18:57:12,517 [INFO] AnalyticsPlugin:235 - Accepted CMSIS Pack Licenses: 
2021-07-02 18:57:12,517 [INFO] AnalyticsPlugin:237 - Accepted Firmware Licenses: 
2021-07-02 18:57:12,519 [INFO] PluginManage:342 - Loaded plugin analytics (category:tool,tabindex:-1)
2021-07-02 18:57:12,519 [INFO] PluginManage:292 - Check plugin clock
2021-07-02 18:57:12,605 [INFO] PluginManage:342 - Loaded plugin clock (category:base,tabindex:2)
2021-07-02 18:57:12,606 [INFO] PluginManage:292 - Check plugin ddr
2021-07-02 18:57:12,653 [INFO] PluginManage:342 - Loaded plugin ddr (category:tool,tabindex:6)
2021-07-02 18:57:12,654 [INFO] PluginManage:292 - Check plugin filemanager
2021-07-02 18:57:13,176 [INFO] PluginManage:342 - Loaded plugin filemanager (category:base,tabindex:10)
2021-07-02 18:57:13,177 [INFO] PluginManage:292 - Check plugin ipmanager
2021-07-02 18:57:13,231 [INFO] PluginManage:342 - Loaded plugin ipmanager (category:base,tabindex:5)
2021-07-02 18:57:13,231 [INFO] PluginManage:292 - Check plugin pinoutandconfiguration
2021-07-02 18:57:13,285 [INFO] PluginManage:342 - Loaded plugin pinoutandconfiguration (category:base,tabindex:1)
2021-07-02 18:57:13,285 [INFO] PluginManage:292 - Check plugin pinoutconfig
2021-07-02 18:57:13,395 [INFO] PluginManage:342 - Loaded plugin pinoutconfig (category:base,tabindex:0)
2021-07-02 18:57:13,396 [INFO] PluginManage:292 - Check plugin power
2021-07-02 18:57:13,624 [INFO] PluginManage:342 - Loaded plugin power (category:power,tabindex:4)
2021-07-02 18:57:13,625 [INFO] PluginManage:292 - Check plugin projectmanager
2021-07-02 18:57:13,683 [INFO] PluginManage:342 - Loaded plugin projectmanager (category:projectmanager,tabindex:3)
2021-07-02 18:57:13,683 [INFO] PluginManage:292 - Check plugin thirdparty
2021-07-02 18:57:14,473 [INFO] PluginManage:342 - Loaded plugin thirdparty (category:base,tabindex:-1)
2021-07-02 18:57:14,473 [WARN] IntegrityCheckThread:59 - waiting for thirdparty lock release [integrity check]
2021-07-02 18:57:14,474 [INFO] IntegrityCheckThread:61 - entering critical section [integrity check]
2021-07-02 18:57:14,473 [INFO] PluginManage:292 - Check plugin tools
2021-07-02 18:57:14,475 [INFO] ThirdPartyUpdaterWithRetryManager:56 - Updater plugin not ready yet. [1/15]
2021-07-02 18:57:14,565 [INFO] PluginManage:342 - Loaded plugin tools (category:base,tabindex:7)
2021-07-02 18:57:14,565 [INFO] PluginManage:292 - Check plugin tutovideos
2021-07-02 18:57:15,059 [INFO] PluginManage:342 - Loaded plugin tutovideos (category:base,tabindex:-1)
2021-07-02 18:57:15,059 [INFO] PluginManage:292 - Check plugin updater
2021-07-02 18:57:15,122 [INFO] PluginManage:342 - Loaded plugin updater (category:base,tabindex:12)
2021-07-02 18:57:15,123 [INFO] PluginManage:265 - PluginManage : Loaded plugins [13]
2021-07-02 18:57:15,967 [INFO] PinOutPanel:1435 - setPackage(No Configuration,No Configuration)
2021-07-02 18:57:16,539 [INFO] IPUIPlugin:64 - create IPUIPlugin
2021-07-02 18:57:16,540 [INFO] PluginManager:203 - loadIPPluginJar : add adc
2021-07-02 18:57:16,618 [INFO] IPUIPlugin:64 - create IPUIPlugin
2021-07-02 18:57:16,618 [INFO] PluginManager:203 - loadIPPluginJar : add aes
2021-07-02 18:57:16,669 [INFO] IPUIPlugin:64 - create IPUIPlugin
2021-07-02 18:57:16,669 [INFO] PluginManager:203 - loadIPPluginJar : add can
2021-07-02 18:57:16,720 [INFO] IPUIPlugin:64 - create IPUIPlugin
2021-07-02 18:57:16,720 [INFO] PluginManager:203 - loadIPPluginJar : add comp
2021-07-02 18:57:16,764 [INFO] IPUIPlugin:64 - create IPUIPlugin
2021-07-02 18:57:16,764 [INFO] PluginManager:203 - loadIPPluginJar : add cryp
2021-07-02 18:57:16,799 [INFO] IPUIPlugin:64 - create IPUIPlugin
2021-07-02 18:57:16,800 [INFO] PluginManager:203 - loadIPPluginJar : add dfsdm
2021-07-02 18:57:16,852 [INFO] IPUIPlugin:64 - create IPUIPlugin
2021-07-02 18:57:16,874 [INFO] PluginManager:203 - loadIPPluginJar : add dma
2021-07-02 18:57:16,931 [INFO] IPUIPlugin:64 - create IPUIPlugin
2021-07-02 18:57:16,931 [INFO] PluginManager:203 - loadIPPluginJar : add fatfs
2021-07-02 18:57:17,011 [INFO] IPUIPlugin:64 - create IPUIPlugin
2021-07-02 18:57:17,011 [INFO] PluginManager:203 - loadIPPluginJar : add fmc
2021-07-02 18:57:17,045 [INFO] IPUIPlugin:64 - create IPUIPlugin
2021-07-02 18:57:17,046 [INFO] PluginManager:203 - loadIPPluginJar : add freertos
2021-07-02 18:57:17,087 [INFO] IPUIPlugin:64 - create IPUIPlugin
2021-07-02 18:57:17,088 [INFO] PluginManager:203 - loadIPPluginJar : add genericplugin
2021-07-02 18:57:17,179 [INFO] IPUIPlugin:64 - create IPUIPlugin
2021-07-02 18:57:17,179 [INFO] PluginManager:203 - loadIPPluginJar : add gfxmmu
2021-07-02 18:57:17,309 [INFO] IPUIPlugin:64 - create IPUIPlugin
2021-07-02 18:57:17,310 [INFO] PluginManager:203 - loadIPPluginJar : add gic
2021-07-02 18:57:17,356 [INFO] IPUIPlugin:64 - create IPUIPlugin
2021-07-02 18:57:17,356 [INFO] PluginManager:203 - loadIPPluginJar : add gpio
2021-07-02 18:57:17,473 [INFO] IPUIPlugin:64 - create IPUIPlugin
2021-07-02 18:57:17,473 [INFO] PluginManager:203 - loadIPPluginJar : add gtzc
2021-07-02 18:57:17,479 [INFO] ThirdPartyUpdaterWithRetryManager:56 - Updater plugin not ready yet. [2/15]
2021-07-02 18:57:17,519 [INFO] IPUIPlugin:64 - create IPUIPlugin
2021-07-02 18:57:17,519 [INFO] PluginManager:203 - loadIPPluginJar : add hash
2021-07-02 18:57:17,577 [INFO] IPUIPlugin:64 - create IPUIPlugin
2021-07-02 18:57:17,577 [INFO] PluginManager:203 - loadIPPluginJar : add i2c
2021-07-02 18:57:17,664 [INFO] IPUIPlugin:64 - create IPUIPlugin
2021-07-02 18:57:17,664 [INFO] PluginManager:203 - loadIPPluginJar : add i2s
2021-07-02 18:57:17,761 [INFO] IPUIPlugin:64 - create IPUIPlugin
2021-07-02 18:57:17,761 [INFO] PluginManager:203 - loadIPPluginJar : add ipddr
2021-07-02 18:57:17,861 [INFO] IPUIPlugin:64 - create IPUIPlugin
2021-07-02 18:57:17,862 [INFO] PluginManager:203 - loadIPPluginJar : add lorawan
2021-07-02 18:57:17,907 [INFO] IPUIPlugin:64 - create IPUIPlugin
2021-07-02 18:57:17,907 [INFO] PluginManager:203 - loadIPPluginJar : add ltdc
2021-07-02 18:57:17,935 [INFO] IPUIPlugin:64 - create IPUIPlugin
2021-07-02 18:57:17,935 [INFO] PluginManager:203 - loadIPPluginJar : add mdma
2021-07-02 18:57:17,981 [INFO] IPUIPlugin:64 - create IPUIPlugin
2021-07-02 18:57:17,981 [INFO] PluginManager:203 - loadIPPluginJar : add nvic
2021-07-02 18:57:18,045 [INFO] IPUIPlugin:64 - create IPUIPlugin
2021-07-02 18:57:18,045 [INFO] PluginManager:203 - loadIPPluginJar : add opamp
2021-07-02 18:57:18,111 [INFO] IPUIPlugin:64 - create IPUIPlugin
2021-07-02 18:57:18,111 [INFO] PluginManager:203 - loadIPPluginJar : add openamp
2021-07-02 18:57:18,158 [INFO] IPUIPlugin:64 - create IPUIPlugin
2021-07-02 18:57:18,159 [INFO] PluginManager:203 - loadIPPluginJar : add pdm2pcm
2021-07-02 18:57:18,184 [INFO] IPUIPlugin:64 - create IPUIPlugin
2021-07-02 18:57:18,187 [INFO] PluginManager:203 - loadIPPluginJar : add plateformsettings
2021-07-02 18:57:18,226 [INFO] IPUIPlugin:64 - create IPUIPlugin
2021-07-02 18:57:18,226 [INFO] PluginManager:203 - loadIPPluginJar : add quadspi
2021-07-02 18:57:18,308 [INFO] IPUIPlugin:64 - create IPUIPlugin
2021-07-02 18:57:18,308 [INFO] PluginManager:203 - loadIPPluginJar : add resmgrutility
2021-07-02 18:57:18,404 [INFO] IPUIPlugin:64 - create IPUIPlugin
2021-07-02 18:57:18,404 [INFO] PluginManager:203 - loadIPPluginJar : add sai
2021-07-02 18:57:18,453 [INFO] IPUIPlugin:64 - create IPUIPlugin
2021-07-02 18:57:18,453 [INFO] PluginManager:203 - loadIPPluginJar : add spi
2021-07-02 18:57:18,526 [INFO] IPUIPlugin:64 - create IPUIPlugin
2021-07-02 18:57:18,526 [INFO] PluginManager:203 - loadIPPluginJar : add stm32_wpan
2021-07-02 18:57:18,566 [INFO] IPUIPlugin:64 - create IPUIPlugin
2021-07-02 18:57:18,566 [INFO] PluginManager:203 - loadIPPluginJar : add tim
2021-07-02 18:57:18,629 [INFO] IPUIPlugin:64 - create IPUIPlugin
2021-07-02 18:57:18,629 [INFO] PluginManager:203 - loadIPPluginJar : add touchsensing
2021-07-02 18:57:18,669 [INFO] IPUIPlugin:64 - create IPUIPlugin
2021-07-02 18:57:18,669 [INFO] PluginManager:203 - loadIPPluginJar : add tracer_emb
2021-07-02 18:57:18,724 [INFO] IPUIPlugin:64 - create IPUIPlugin
2021-07-02 18:57:18,725 [INFO] PluginManager:203 - loadIPPluginJar : add ts
2021-07-02 18:57:18,758 [INFO] IPUIPlugin:64 - create IPUIPlugin
2021-07-02 18:57:18,758 [INFO] PluginManager:203 - loadIPPluginJar : add tsc
2021-07-02 18:57:18,840 [INFO] IPUIPlugin:64 - create IPUIPlugin
2021-07-02 18:57:18,841 [INFO] PluginManager:203 - loadIPPluginJar : add ucpd
2021-07-02 18:57:18,925 [INFO] IPUIPlugin:64 - create IPUIPlugin
2021-07-02 18:57:18,925 [INFO] PluginManager:203 - loadIPPluginJar : add usart
2021-07-02 18:57:19,883 [FATAL] Updater:284 - Updater called before beeing initialized
2021-07-02 18:57:20,207 [FATAL] Updater:284 - Updater called before beeing initialized
2021-07-02 18:57:20,239 [INFO] DbMcusAds:132 - JSON generation date=Tue May 11 21:02:49 IST 2021 (1620747169502)
2021-07-02 18:57:20,239 [FATAL] Updater:284 - Updater called before beeing initialized
2021-07-02 18:57:20,431 [WARN] DetailPanel:315 - Failed to get advertising image, set to default
2021-07-02 18:57:20,483 [INFO] ThirdPartyUpdaterWithRetryManager:56 - Updater plugin not ready yet. [3/15]
2021-07-02 18:57:20,843 [FATAL] Updater:284 - Updater called before beeing initialized
2021-07-02 18:57:20,846 [FATAL] Updater:284 - Updater called before beeing initialized
2021-07-02 18:57:20,846 [FATAL] Updater:284 - Updater called before beeing initialized
2021-07-02 18:57:20,846 [WARN] DetailPanel:315 - Failed to get advertising image, set to default
2021-07-02 18:57:20,848 [FATAL] Updater:284 - Updater called before beeing initialized
2021-07-02 18:57:20,944 [FATAL] Updater:284 - Updater called before beeing initialized
2021-07-02 18:57:20,944 [WARN] ThirdParty:796 - waiting for thirdparty lock release [close project]
2021-07-02 18:57:23,498 [FATAL] Updater:284 - Updater called before beeing initialized
2021-07-02 18:57:23,499 [ERROR] AbstractThirdPartyUpdaterManager:153 - class java.lang.Integer cannot be cast to class java.util.List (java.lang.Integer and java.util.List are in module java.base of loader 'bootstrap')
2021-07-02 18:57:23,499 [INFO] ThirdParty:900 - Integrity check success = false
2021-07-02 18:57:23,501 [INFO] IntegrityCheckThread:75 - exiting critical section [integrity check]
2021-07-02 18:57:23,502 [INFO] IntegrityCheckThread:78 - End integrity checks thread
2021-07-02 18:57:23,502 [INFO] ThirdParty:798 - entering critical section [close project]
2021-07-02 18:57:23,507 [INFO] ThirdParty:809 - exiting critical section [close project]
2021-07-02 18:57:23,520 [INFO] PinOutPanel:1435 - setPackage(No Configuration,No Configuration)
2021-07-02 18:57:23,522 [FATAL] Updater:284 - Updater called before beeing initialized
2021-07-02 18:57:23,620 [ERROR] Updater:1065 - MainUpdater not yet initialized. External WinMGr cannot be set.
2021-07-02 18:57:23,664 [INFO] Updater:1002 - Updater Version found : 6.2.1
2021-07-02 18:57:23,719 [INFO] ApplicationProperties:181 - Using Application install path: C:\ST\STM32CubeIDE_1.1.0\STM32CubeIDE\plugins\com.st.stm32cube.common.mx_6.2.1.202103241236
2021-07-02 18:57:26,807 [INFO] MainUpdater:2661 - connection check result : 10
2021-07-02 18:57:26,809 [INFO] MainUpdater:3349 - Updater definition file requires update
2021-07-02 18:57:26,815 [INFO] MainUpdater:255 - Updater Check For Update Now.
2021-07-02 18:57:26,816 [INFO] MicroXplorer:472 - Change Database Version : DB.6.0.21
2021-07-02 18:57:27,310 [INFO] ServerAccessManage:348 - Download File updaters.zip
2021-07-02 18:57:29,484 [INFO] FileExtend:225 - Unzip File : updaters.zip
2021-07-02 18:57:29,484 [INFO] FileExtend:240 - Standard Zip Deflate
2021-07-02 18:57:30,533 [INFO] ServerAccessManage:348 - Download File PacksControlFlags.xml
2021-07-02 18:57:31,492 [INFO] ServerAccessManage:348 - Download File cubemx.pidx
2021-07-02 18:57:32,733 [INFO] ServerAccessManage:348 - Download File STMicroelectronics.X-CUBE-TOUCHGFX.pdsc
2021-07-02 18:57:33,933 [INFO] CheckServerUpdateThread:102 - End of CheckServer Thread
2021-07-02 18:57:33,951 [INFO] MainUpdater:2661 - connection check result : 10
2021-07-02 18:57:33,983 [WARN] PackLoader:226 - Cannot read IP mode file for STMicroelectronics.X-CUBE-TOUCHGFX.4.17.0
2021-07-02 18:57:33,984 [INFO] PopulateThirdPartyThread:50 - Ending populate Thread
2021-07-02 18:57:33,985 [INFO] ThirdParty:952 - CMSIS Pack Vendor :STMicroelectronics X-CUBE-TOUCHGFX 4.17.0
2021-07-02 18:57:33,986 [INFO] LoadServerUpdatesThread:329 - End of LoadServerUpdate Thread
2021-07-02 18:57:34,149 [INFO] ServerAccessManage:348 - Download File ad.zip
2021-07-02 18:57:38,581 [INFO] FileExtend:225 - Unzip File : ad.zip
2021-07-02 18:57:38,582 [INFO] FileExtend:240 - Standard Zip Deflate
2021-07-02 18:57:38,666 [INFO] LoadUrlFilesThread:135 - End of LoadUrlFiles Thread
2021-07-02 18:57:39,170 [INFO] ServerAccessManage:348 - Download File mcusAds.json._tmp_
2021-07-02 18:57:39,187 [INFO] LoadUrlFilesThread:135 - End of LoadUrlFiles Thread
2021-07-02 18:57:39,891 [INFO] ServerAccessManage:348 - Download File mcusDocs.json._tmp_
2021-07-02 18:57:41,438 [INFO] LoadUrlFilesThread:135 - End of LoadUrlFiles Thread
2021-07-02 18:57:41,628 [INFO] ServerAccessManage:348 - Download File mcusFeaturesAndDescription.json._tmp_
2021-07-02 18:59:23,730 [INFO] LoadUrlFilesThread:135 - End of LoadUrlFiles Thread
2021-07-02 18:59:23,926 [INFO] ServerAccessManage:348 - Download File boardsDocs.json._tmp_
2021-07-02 18:59:27,067 [INFO] LoadUrlFilesThread:135 - End of LoadUrlFiles Thread
2021-07-02 18:59:27,203 [INFO] ServerAccessManage:348 - Download File boards.json._tmp_
2021-07-02 18:59:32,179 [INFO] LoadUrlFilesThread:135 - End of LoadUrlFiles Thread
2021-07-02 18:59:33,160 [INFO] ServerAccessManage:348 - Download File cube-finder-db.zip
2021-07-02 18:59:38,896 [ERROR] ServerAccessManage:412 - IOException during http download : Connection reset
2021-07-02 18:59:38,898 [ERROR] LogOutputStream:74 - [STDERR_REDIRECT] java.net.SocketException: Connection reset
2021-07-02 18:59:38,900 [ERROR] LogOutputStream:74 - [STDERR_REDIRECT] 	at java.base/java.net.SocketInputStream.read(Unknown Source)
2021-07-02 18:59:38,902 [ERROR] LogOutputStream:74 - [STDERR_REDIRECT] 	at java.base/java.net.SocketInputStream.read(Unknown Source)
2021-07-02 18:59:38,906 [ERROR] LogOutputStream:74 - [STDERR_REDIRECT] 	at java.base/java.io.BufferedInputStream.read1(Unknown Source)
2021-07-02 18:59:38,909 [ERROR] LogOutputStream:74 - [STDERR_REDIRECT] 	at java.base/java.io.BufferedInputStream.read(Unknown Source)
2021-07-02 18:59:38,911 [ERROR] LogOutputStream:74 - [STDERR_REDIRECT] 	at java.base/sun.net.www.MeteredStream.read(Unknown Source)
2021-07-02 18:59:38,914 [ERROR] LogOutputStream:74 - [STDERR_REDIRECT] 	at java.base/java.io.FilterInputStream.read(Unknown Source)
2021-07-02 18:59:38,918 [ERROR] LogOutputStream:74 - [STDERR_REDIRECT] 	at java.base/sun.net.www.protocol.http.HttpURLConnection$HttpInputStream.read(Unknown Source)
2021-07-02 18:59:38,921 [ERROR] LogOutputStream:74 - [STDERR_REDIRECT] 	at java.base/java.io.BufferedInputStream.read1(Unknown Source)
2021-07-02 18:59:38,924 [ERROR] LogOutputStream:74 - [STDERR_REDIRECT] 	at java.base/java.io.BufferedInputStream.read(Unknown Source)
2021-07-02 18:59:38,927 [ERROR] LogOutputStream:74 - [STDERR_REDIRECT] 	at java.base/java.io.FilterInputStream.read(Unknown Source)
2021-07-02 18:59:38,931 [ERROR] LogOutputStream:74 - [STDERR_REDIRECT] 	at com.st.microxplorer.plugins.updater.engine.ServerAccessManage.readHttpFile(ServerAccessManage.java:367)
2021-07-02 18:59:38,935 [ERROR] LogOutputStream:74 - [STDERR_REDIRECT] 	at com.st.microxplorer.plugins.updater.engine.LoadUrlFilesThread.loadAllFiles(LoadUrlFilesThread.java:490)
2021-07-02 18:59:38,940 [ERROR] LogOutputStream:74 - [STDERR_REDIRECT] 	at com.st.microxplorer.plugins.updater.engine.LoadUrlFilesThread.downloadUrlFiles(LoadUrlFilesThread.java:195)
2021-07-02 18:59:38,944 [ERROR] LogOutputStream:74 - [STDERR_REDIRECT] 	at com.st.microxplorer.plugins.updater.engine.LoadUrlFilesThread.run(LoadUrlFilesThread.java:127)
2021-07-02 18:59:38,946 [ERROR] ServerAccessManage:517 - Problem during Download of File : cube-finder-db.zip.
2021-07-02 18:59:38,985 [ERROR] ServerAccessManage:1030 - Problem during Server Connexion :  IO error Software caused connection abort: connect
2021-07-02 18:59:38,988 [ERROR] LogOutputStream:74 - [STDERR_REDIRECT] java.net.SocketException: Software caused connection abort: connect
2021-07-02 18:59:38,991 [ERROR] LogOutputStream:74 - [STDERR_REDIRECT] 	at java.base/java.net.PlainSocketImpl.waitForConnect(Native Method)
2021-07-02 18:59:38,994 [ERROR] LogOutputStream:74 - [STDERR_REDIRECT] 	at java.base/java.net.PlainSocketImpl.socketConnect(Unknown Source)
2021-07-02 18:59:38,998 [ERROR] LogOutputStream:74 - [STDERR_REDIRECT] 	at java.base/java.net.AbstractPlainSocketImpl.doConnect(Unknown Source)
2021-07-02 18:59:39,001 [ERROR] LogOutputStream:74 - [STDERR_REDIRECT] 	at java.base/java.net.AbstractPlainSocketImpl.connectToAddress(Unknown Source)
2021-07-02 18:59:39,004 [ERROR] LogOutputStream:74 - [STDERR_REDIRECT] 	at java.base/java.net.AbstractPlainSocketImpl.connect(Unknown Source)
2021-07-02 18:59:39,006 [ERROR] LogOutputStream:74 - [STDERR_REDIRECT] 	at java.base/java.net.Socket.connect(Unknown Source)
2021-07-02 18:59:39,008 [ERROR] LogOutputStream:74 - [STDERR_REDIRECT] 	at java.base/sun.net.NetworkClient.doConnect(Unknown Source)
2021-07-02 18:59:39,011 [ERROR] LogOutputStream:74 - [STDERR_REDIRECT] 	at java.base/sun.net.www.http.HttpClient.openServer(Unknown Source)
2021-07-02 18:59:39,013 [ERROR] LogOutputStream:74 - [STDERR_REDIRECT] 	at java.base/sun.net.www.http.HttpClient.openServer(Unknown Source)
2021-07-02 18:59:39,016 [ERROR] LogOutputStream:74 - [STDERR_REDIRECT] 	at java.base/sun.net.www.http.HttpClient.<init>(Unknown Source)
2021-07-02 18:59:39,018 [ERROR] LogOutputStream:74 - [STDERR_REDIRECT] 	at java.base/sun.net.www.http.HttpClient.New(Unknown Source)
2021-07-02 18:59:39,020 [ERROR] LogOutputStream:74 - [STDERR_REDIRECT] 	at java.base/sun.net.www.http.HttpClient.New(Unknown Source)
2021-07-02 18:59:39,023 [ERROR] LogOutputStream:74 - [STDERR_REDIRECT] 	at java.base/sun.net.www.protocol.http.HttpURLConnection.getNewHttpClient(Unknown Source)
2021-07-02 18:59:39,026 [ERROR] LogOutputStream:74 - [STDERR_REDIRECT] 	at java.base/sun.net.www.protocol.http.HttpURLConnection.plainConnect0(Unknown Source)
2021-07-02 18:59:39,029 [ERROR] LogOutputStream:74 - [STDERR_REDIRECT] 	at java.base/sun.net.www.protocol.http.HttpURLConnection.plainConnect(Unknown Source)
2021-07-02 18:59:39,032 [ERROR] LogOutputStream:74 - [STDERR_REDIRECT] 	at java.base/sun.net.www.protocol.http.HttpURLConnection.connect(Unknown Source)
2021-07-02 18:59:39,035 [ERROR] LogOutputStream:74 - [STDERR_REDIRECT] 	at java.base/sun.net.www.protocol.http.HttpURLConnection.getInputStream0(Unknown Source)
2021-07-02 18:59:39,039 [ERROR] LogOutputStream:74 - [STDERR_REDIRECT] 	at java.base/sun.net.www.protocol.http.HttpURLConnection.getInputStream(Unknown Source)
2021-07-02 18:59:39,042 [ERROR] LogOutputStream:74 - [STDERR_REDIRECT] 	at java.base/java.net.HttpURLConnection.getResponseCode(Unknown Source)
2021-07-02 18:59:39,045 [ERROR] LogOutputStream:74 - [STDERR_REDIRECT] 	at com.st.microxplorer.plugins.updater.engine.ServerAccessManage.openHttpConnexion(ServerAccessManage.java:891)
2021-07-02 18:59:39,049 [ERROR] LogOutputStream:74 - [STDERR_REDIRECT] 	at com.st.microxplorer.plugins.updater.engine.ServerAccessManage.getHttpFileSize(ServerAccessManage.java:571)
2021-07-02 18:59:39,072 [ERROR] LogOutputStream:74 - [STDERR_REDIRECT] 	at com.st.microxplorer.plugins.updater.engine.LoadUrlFilesThread.displayResult(LoadUrlFilesThread.java:615)
2021-07-02 18:59:39,076 [ERROR] LogOutputStream:74 - [STDERR_REDIRECT] 	at com.st.microxplorer.plugins.updater.engine.LoadUrlFilesThread.downloadUrlFiles(LoadUrlFilesThread.java:199)
2021-07-02 18:59:39,080 [ERROR] LogOutputStream:74 - [STDERR_REDIRECT] 	at com.st.microxplorer.plugins.updater.engine.LoadUrlFilesThread.run(LoadUrlFilesThread.java:127)
2021-07-02 18:59:41,329 [INFO] LoadUrlFilesThread:135 - End of LoadUrlFiles Thread
2021-07-02 18:59:42,640 [INFO] DbMcusAds:132 - JSON generation date=Tue May 11 21:02:49 IST 2021 (1620747169502)
2021-07-02 18:59:42,675 [INFO] DbMcusDocs:143 - JSON generation date=Mon Jun 07 14:23:21 IST 2021 (1623056001)
2021-07-02 18:59:42,689 [INFO] DbMcusXml:100 - Load MCU database from C:\ST\STM32CubeIDE_1.1.0\STM32CubeIDE\plugins\com.st.stm32cube.common.mx_6.2.1.202103241236\\db\/mcu/families.xml
2021-07-02 18:59:43,722 [INFO] DbMcusJson:94 - JSON generation date=Mon Jun 07 14:23:21 IST 2021 (1623056001)
2021-07-02 18:59:43,999 [INFO] MainUpdater:2661 - connection check result : 10
2021-07-02 18:59:44,622 [INFO] DbMcus:175 - Found 1906 MCUs (1866 are supported by CubeMX, 1866 are visible in CubeMX)
2021-07-02 18:59:44,650 [INFO] ApiDb:251 - Load user favorites file C:\Users\Navjeevan/.stm32cubeide/favorites.mcus.txt: 1 item(s)
2021-07-02 18:59:44,651 [INFO] ApiDb:255 - User favorites MCUs=[STM32F446RETx]
2021-07-02 18:59:44,653 [INFO] DbMcus:187 - Set 1 / 1 favorites MCUs
2021-07-02 18:59:45,262 [INFO] DbMcusDocs:79 - Found 669 MCUs documents
2021-07-02 18:59:45,265 [INFO] ApiDb:276 - Save user favorites file C:\Users\Navjeevan/.stm32cubeide/favorites.mcus.txt: 1 item(s)
2021-07-02 18:59:45,265 [INFO] ApiDb:280 - User favorites MCUs=[STM32F446RETx]
2021-07-02 18:59:45,265 [INFO] DbMcusXml:100 - Load MCU database from C:\ST\STM32CubeIDE_1.1.0\STM32CubeIDE\plugins\com.st.stm32cube.common.mx_6.2.1.202103241236\\db\/mcu/families.xml
2021-07-02 18:59:46,097 [INFO] DbMcusJson:94 - JSON generation date=Mon Jun 07 14:23:21 IST 2021 (1623056001)
2021-07-02 18:59:46,713 [INFO] DbMcus:175 - Found 1906 MCUs (1866 are supported by CubeMX, 1866 are visible in CubeMX)
2021-07-02 18:59:46,714 [INFO] ApiDb:251 - Load user favorites file C:\Users\Navjeevan/.stm32cubeide/favorites.mcus.txt: 1 item(s)
2021-07-02 18:59:46,714 [INFO] ApiDb:255 - User favorites MCUs=[STM32F446RETx]
2021-07-02 18:59:46,715 [INFO] DbMcus:187 - Set 1 / 1 favorites MCUs
2021-07-02 18:59:46,790 [INFO] DbBoardsDocs:143 - JSON generation date=Tue Jun 01 11:22:40 IST 2021 (1622526760)
2021-07-02 18:59:46,905 [INFO] DbBoardsPdsc:90 - Found 24 items
2021-07-02 18:59:46,936 [INFO] DbBoardsPdsc:90 - Found 9 items
2021-07-02 18:59:46,993 [INFO] DbBoardsPdsc:90 - Found 33 items
2021-07-02 18:59:47,005 [INFO] DbBoardsPdsc:90 - Found 1 items
2021-07-02 18:59:47,044 [INFO] DbBoardsPdsc:90 - Found 46 items
2021-07-02 18:59:47,090 [INFO] DbBoardsPdsc:90 - Found 41 items
2021-07-02 18:59:47,126 [INFO] DbBoardsPdsc:90 - Found 2 items
2021-07-02 18:59:47,160 [INFO] DbBoardsPdsc:90 - Found 5 items
2021-07-02 18:59:47,168 [WARN] DbBoardsPdsc:254 - Board NUCLEO-WB15CC: unknown feature type=, name=, username=Three user LEDs, n=1
2021-07-02 18:59:47,169 [WARN] DbBoardsPdsc:254 - Board NUCLEO-WB15CC: unknown feature type=, name=, username=One reset and three user push-buttons, n=1
2021-07-02 18:59:47,169 [WARN] DbBoardsPdsc:254 - Board NUCLEO-WB15CC: unknown feature type=, name=, username=Arduino Uno V3 expansion connector, n=1
2021-07-02 18:59:47,170 [WARN] DbBoardsPdsc:254 - Board NUCLEO-WB15CC: unknown feature type=, name=, username=ST morpho extension pin headers for full access to all STM32WB I/Os, n=1
2021-07-02 18:59:47,170 [WARN] DbBoardsPdsc:254 - Board NUCLEO-WB15CC: unknown feature type=, name=, username=Integrated PCB antenna and SMA connector footprint, n=1
2021-07-02 18:59:47,170 [WARN] DbBoardsPdsc:254 - Board NUCLEO-WB15CC: unknown feature type=, name=, username=Flexible power-supply options: ST-LINK, USB VBUS, or external sources, n=1
2021-07-02 18:59:47,170 [WARN] DbBoardsPdsc:254 - Board NUCLEO-WB15CC: unknown feature type=, name=, username=On-board footprint to mount a CR2032 battery socket, n=1
2021-07-02 18:59:47,171 [WARN] DbBoardsPdsc:254 - Board NUCLEO-WB15CC: unknown feature type=, name=, username=On-board ST-LINK/V2-1 debugger/programmer with USB re-enumeration capability: mass storage, Virtual COM port, and debug port, n=1
2021-07-02 18:59:47,171 [WARN] DbBoardsPdsc:254 - Board NUCLEO-WB15CC: unknown feature type=, name=, username=Comprehensive free software libraries and examples available with the STM32CubeWB MCU Package, n=1
2021-07-02 18:59:47,171 [WARN] DbBoardsPdsc:254 - Board NUCLEO-WB15CC: unknown feature type=, name=, username=Support of a wide choice of Integrated Development Environments (IDEs) including IAR Embedded Workbench, MDK-ARM, STM32CubeIDE, and Mbed Studio, n=1
2021-07-02 18:59:47,178 [WARN] DbBoardsPdsc:254 - Board STM32H7B3I-DK: unknown feature type=Audio, name=, username=Audio stereo codec with Headphone Amp (CS42L51-CNZ), n=1
2021-07-02 18:59:47,179 [WARN] DbBoardsPdsc:254 - Board STM32H735G-DK: unknown feature type=Audio, name=, username=Audio stereo codec with Headphone Amp (WM8994ECS/R), n=1
2021-07-02 18:59:47,180 [WARN] DbBoardsPdsc:254 - Board STM32WB5MM-DK: unknown feature type=, name=, username=Time-of-Flight and gesture-detection sensor, n=1
2021-07-02 18:59:47,180 [WARN] DbBoardsPdsc:254 - Board STM32WB5MM-DK: unknown feature type=, name=, username=3 push-buttons (2 users and 1 reset) and 1 touch key button, n=1
2021-07-02 18:59:47,180 [WARN] DbBoardsPdsc:254 - Board STM32WB5MM-DK: unknown feature type=, name=, username=Flexible power-supply options: ST-LINK/V2-1 USB connector, 5 V delivered by ARDUINO速 or external connector, USB charger, or USB power, n=1
2021-07-02 18:59:47,181 [WARN] DbBoardsPdsc:254 - Board STM32WB5MM-DK: unknown feature type=, name=, username=On-board ST-LINK/V2-1 debugger/programmer with USB re-enumeration capability: Virtual COM port and debug port, n=1
2021-07-02 18:59:47,181 [WARN] DbBoardsPdsc:254 - Board STM32WB5MM-DK: unknown feature type=, name=, username=Comprehensive free software libraries and examples available with the STM32CubeWB MCU Package, n=1
2021-07-02 18:59:47,181 [WARN] DbBoardsPdsc:254 - Board STM32WB5MM-DK: unknown feature type=, name=, username=Support of a wide choice of Integrated Development Environments (IDEs) including IAR Embedded Workbench速, MDK-ARM, and STM32CubeIDE, n=1
2021-07-02 18:59:47,186 [WARN] DbBoardsPdsc:254 - Board STM32H7B3I-EVAL: unknown feature type=Audio, name=, username=Multi-Channel Audio Codec (CS42L51-CNZ), n=1
2021-07-02 18:59:47,187 [WARN] DbBoardsPdsc:254 - Board STM32H7B3I-EVAL: unknown feature type=Meter, name=, username=Power-metering and Temperature-monitoring with sigma-delta modulators, n=1
2021-07-02 18:59:47,187 [WARN] DbBoardsPdsc:254 - Board STM32H7B3I-EVAL: unknown feature type=Motor, name=, username=Motor Control, n=1
2021-07-02 18:59:47,228 [INFO] DbBoardsJson:87 - JSON generation date=Tue Jun 01 11:22:40 IST 2021 (1622526760)
2021-07-02 18:59:47,237 [INFO] DbBoards:117 - Found 161 boards (158 are supported by CubeMX)
2021-07-02 18:59:47,246 [INFO] DbBoardsDocs:143 - JSON generation date=Tue Jun 01 11:22:40 IST 2021 (1622526760)
2021-07-02 18:59:47,276 [INFO] DbBoardsDocs:79 - Found 193 boards documents
2021-07-02 18:59:47,279 [WARN] DbBoards:127 - board B-L462E-CELL1 has no document id list !
2021-07-02 18:59:47,280 [WARN] DbBoards:127 - board B-L475E-IOT01A2 has no document id list !
2021-07-02 18:59:47,282 [WARN] DbBoards:127 - board NUCLEO-G0B1RE has no document id list !
2021-07-02 18:59:47,282 [WARN] DbBoards:127 - board NUCLEO-H743ZI has no document id list !
2021-07-02 18:59:47,283 [WARN] DbBoards:127 - board NUCLEO-L4A6ZG has no document id list !
2021-07-02 18:59:47,284 [WARN] DbBoards:127 - board NUCLEO-WB15CC has no document id list !
2021-07-02 18:59:47,284 [WARN] DbBoards:127 - board NUCLEO-WB55RG has no document id list !
2021-07-02 18:59:47,284 [WARN] DbBoards:127 - board NUCLEO-WL55JC2 has no document id list !
2021-07-02 18:59:47,284 [WARN] DbBoards:127 - board P-NUCLEO-WB55-Nucleo has no document id list !
2021-07-02 18:59:47,284 [WARN] DbBoards:127 - board P-NUCLEO-WB55-USBDongle has no document id list !
2021-07-02 18:59:47,285 [WARN] DbBoards:127 - board STEVAL-BFA001V1B has no document id list !
2021-07-02 18:59:47,285 [WARN] DbBoards:127 - board STEVAL-BFA001V2B has no document id list !
2021-07-02 18:59:47,285 [WARN] DbBoards:127 - board STEVAL-IDP005V1 has no document id list !
2021-07-02 18:59:47,285 [WARN] DbBoards:127 - board STEVAL-IDP005V2 has no document id list !
2021-07-02 18:59:47,285 [WARN] DbBoards:127 - board STEVAL-MKSBOX1V1 has no document id list !
2021-07-02 18:59:47,285 [WARN] DbBoards:127 - board STEVAL-STWINKT1 has no document id list !
2021-07-02 18:59:47,285 [WARN] DbBoards:127 - board STEVAL-STWINKT1B has no document id list !
2021-07-02 18:59:47,285 [WARN] DbBoards:127 - board STM32F401C-DISCO has no document id list !
2021-07-02 18:59:47,286 [WARN] DbBoards:127 - board STM32F769I-DISC1 has no document id list !
2021-07-02 18:59:47,286 [WARN] DbBoards:127 - board STM32G0C1E-EV has no document id list !
2021-07-02 18:59:47,286 [WARN] DbBoards:127 - board STM32G474E-EVAL1 has no document id list !
2021-07-02 18:59:47,287 [WARN] DbBoards:127 - board STM32H743I-EVAL2 has no document id list !
2021-07-02 18:59:47,287 [WARN] DbBoards:127 - board STM32H747I-DISC1 has no document id list !
2021-07-02 18:59:47,287 [WARN] DbBoards:127 - board STM32H753I-EVAL2 has no document id list !
2021-07-02 18:59:47,287 [WARN] DbBoards:127 - board STM32L-DISCOVERY has no document id list !
2021-07-02 18:59:47,287 [WARN] DbBoards:127 - board STM32MP157A-DK1 has no document id list !
2021-07-02 18:59:47,288 [WARN] DbBoards:127 - board STM32MP157F-DK2 has no document id list !
2021-07-02 18:59:47,288 [WARN] DbBoards:127 - board STM32MP157F-EV1 has no document id list !
2021-07-02 18:59:47,288 [WARN] DbBoards:127 - board STM32WB5MM-DK has no document id list !
2021-07-02 18:59:52,516 [INFO] ApiDb:251 - Load user favorites file C:\Users\Navjeevan/.stm32cubeide/favorites.boards.txt: 0 item(s)
2021-07-02 18:59:52,517 [INFO] ApiDb:255 - User favorites Boards=[]
2021-07-02 18:59:52,517 [INFO] DbBoards:206 - Set 0 / 0 favorites Boards
2021-07-02 18:59:52,542 [INFO] DbBoardsDocs:79 - Found 386 boards documents
2021-07-02 18:59:52,543 [INFO] ApiDb:276 - Save user favorites file C:\Users\Navjeevan/.stm32cubeide/favorites.boards.txt: 0 item(s)
2021-07-02 18:59:52,544 [INFO] ApiDb:280 - User favorites Boards=[]
2021-07-02 18:59:52,564 [INFO] DbBoardsPdsc:90 - Found 24 items
2021-07-02 18:59:52,569 [INFO] DbBoardsPdsc:90 - Found 9 items
2021-07-02 18:59:52,574 [INFO] DbBoardsPdsc:90 - Found 33 items
2021-07-02 18:59:52,576 [INFO] DbBoardsPdsc:90 - Found 1 items
2021-07-02 18:59:52,586 [INFO] DbBoardsPdsc:90 - Found 46 items
2021-07-02 18:59:52,596 [INFO] DbBoardsPdsc:90 - Found 41 items
2021-07-02 18:59:52,598 [INFO] DbBoardsPdsc:90 - Found 2 items
2021-07-02 18:59:52,600 [INFO] DbBoardsPdsc:90 - Found 5 items
2021-07-02 18:59:52,601 [WARN] DbBoardsPdsc:254 - Board NUCLEO-WB15CC: unknown feature type=, name=, username=Three user LEDs, n=1
2021-07-02 18:59:52,602 [WARN] DbBoardsPdsc:254 - Board NUCLEO-WB15CC: unknown feature type=, name=, username=One reset and three user push-buttons, n=1
2021-07-02 18:59:52,602 [WARN] DbBoardsPdsc:254 - Board NUCLEO-WB15CC: unknown feature type=, name=, username=Arduino Uno V3 expansion connector, n=1
2021-07-02 18:59:52,602 [WARN] DbBoardsPdsc:254 - Board NUCLEO-WB15CC: unknown feature type=, name=, username=ST morpho extension pin headers for full access to all STM32WB I/Os, n=1
2021-07-02 18:59:52,603 [WARN] DbBoardsPdsc:254 - Board NUCLEO-WB15CC: unknown feature type=, name=, username=Integrated PCB antenna and SMA connector footprint, n=1
2021-07-02 18:59:52,603 [WARN] DbBoardsPdsc:254 - Board NUCLEO-WB15CC: unknown feature type=, name=, username=Flexible power-supply options: ST-LINK, USB VBUS, or external sources, n=1
2021-07-02 18:59:52,604 [WARN] DbBoardsPdsc:254 - Board NUCLEO-WB15CC: unknown feature type=, name=, username=On-board footprint to mount a CR2032 battery socket, n=1
2021-07-02 18:59:52,604 [WARN] DbBoardsPdsc:254 - Board NUCLEO-WB15CC: unknown feature type=, name=, username=On-board ST-LINK/V2-1 debugger/programmer with USB re-enumeration capability: mass storage, Virtual COM port, and debug port, n=1
2021-07-02 18:59:52,605 [WARN] DbBoardsPdsc:254 - Board NUCLEO-WB15CC: unknown feature type=, name=, username=Comprehensive free software libraries and examples available with the STM32CubeWB MCU Package, n=1
2021-07-02 18:59:52,605 [WARN] DbBoardsPdsc:254 - Board NUCLEO-WB15CC: unknown feature type=, name=, username=Support of a wide choice of Integrated Development Environments (IDEs) including IAR Embedded Workbench, MDK-ARM, STM32CubeIDE, and Mbed Studio, n=1
2021-07-02 18:59:52,607 [WARN] DbBoardsPdsc:254 - Board STM32H7B3I-DK: unknown feature type=Audio, name=, username=Audio stereo codec with Headphone Amp (CS42L51-CNZ), n=1
2021-07-02 18:59:52,608 [WARN] DbBoardsPdsc:254 - Board STM32H735G-DK: unknown feature type=Audio, name=, username=Audio stereo codec with Headphone Amp (WM8994ECS/R), n=1
2021-07-02 18:59:52,608 [WARN] DbBoardsPdsc:254 - Board STM32WB5MM-DK: unknown feature type=, name=, username=Time-of-Flight and gesture-detection sensor, n=1
2021-07-02 18:59:52,609 [WARN] DbBoardsPdsc:254 - Board STM32WB5MM-DK: unknown feature type=, name=, username=3 push-buttons (2 users and 1 reset) and 1 touch key button, n=1
2021-07-02 18:59:52,609 [WARN] DbBoardsPdsc:254 - Board STM32WB5MM-DK: unknown feature type=, name=, username=Flexible power-supply options: ST-LINK/V2-1 USB connector, 5 V delivered by ARDUINO速 or external connector, USB charger, or USB power, n=1
2021-07-02 18:59:52,609 [WARN] DbBoardsPdsc:254 - Board STM32WB5MM-DK: unknown feature type=, name=, username=On-board ST-LINK/V2-1 debugger/programmer with USB re-enumeration capability: Virtual COM port and debug port, n=1
2021-07-02 18:59:52,609 [WARN] DbBoardsPdsc:254 - Board STM32WB5MM-DK: unknown feature type=, name=, username=Comprehensive free software libraries and examples available with the STM32CubeWB MCU Package, n=1
2021-07-02 18:59:52,609 [WARN] DbBoardsPdsc:254 - Board STM32WB5MM-DK: unknown feature type=, name=, username=Support of a wide choice of Integrated Development Environments (IDEs) including IAR Embedded Workbench速, MDK-ARM, and STM32CubeIDE, n=1
2021-07-02 18:59:52,615 [WARN] DbBoardsPdsc:254 - Board STM32H7B3I-EVAL: unknown feature type=Audio, name=, username=Multi-Channel Audio Codec (CS42L51-CNZ), n=1
2021-07-02 18:59:52,616 [WARN] DbBoardsPdsc:254 - Board STM32H7B3I-EVAL: unknown feature type=Meter, name=, username=Power-metering and Temperature-monitoring with sigma-delta modulators, n=1
2021-07-02 18:59:52,617 [WARN] DbBoardsPdsc:254 - Board STM32H7B3I-EVAL: unknown feature type=Motor, name=, username=Motor Control, n=1
2021-07-02 18:59:52,640 [INFO] DbBoardsJson:87 - JSON generation date=Tue Jun 01 11:22:40 IST 2021 (1622526760)
2021-07-02 18:59:52,644 [INFO] DbBoards:117 - Found 161 boards (158 are supported by CubeMX)
2021-07-02 18:59:52,645 [WARN] DbBoards:127 - board B-L462E-CELL1 has no document id list !
2021-07-02 18:59:52,645 [WARN] DbBoards:127 - board B-L475E-IOT01A2 has no document id list !
2021-07-02 18:59:52,645 [WARN] DbBoards:127 - board NUCLEO-G0B1RE has no document id list !
2021-07-02 18:59:52,645 [WARN] DbBoards:127 - board NUCLEO-H743ZI has no document id list !
2021-07-02 18:59:52,645 [WARN] DbBoards:127 - board NUCLEO-L4A6ZG has no document id list !
2021-07-02 18:59:52,645 [WARN] DbBoards:127 - board NUCLEO-WB15CC has no document id list !
2021-07-02 18:59:52,646 [WARN] DbBoards:127 - board NUCLEO-WB55RG has no document id list !
2021-07-02 18:59:52,646 [WARN] DbBoards:127 - board NUCLEO-WL55JC2 has no document id list !
2021-07-02 18:59:52,646 [WARN] DbBoards:127 - board P-NUCLEO-WB55-Nucleo has no document id list !
2021-07-02 18:59:52,646 [WARN] DbBoards:127 - board P-NUCLEO-WB55-USBDongle has no document id list !
2021-07-02 18:59:52,646 [WARN] DbBoards:127 - board STEVAL-BFA001V1B has no document id list !
2021-07-02 18:59:52,646 [WARN] DbBoards:127 - board STEVAL-BFA001V2B has no document id list !
2021-07-02 18:59:52,646 [WARN] DbBoards:127 - board STEVAL-IDP005V1 has no document id list !
2021-07-02 18:59:52,646 [WARN] DbBoards:127 - board STEVAL-IDP005V2 has no document id list !
2021-07-02 18:59:52,646 [WARN] DbBoards:127 - board STEVAL-MKSBOX1V1 has no document id list !
2021-07-02 18:59:52,646 [WARN] DbBoards:127 - board STEVAL-STWINKT1 has no document id list !
2021-07-02 18:59:52,646 [WARN] DbBoards:127 - board STEVAL-STWINKT1B has no document id list !
2021-07-02 18:59:52,646 [WARN] DbBoards:127 - board STM32F401C-DISCO has no document id list !
2021-07-02 18:59:52,646 [WARN] DbBoards:127 - board STM32F769I-DISC1 has no document id list !
2021-07-02 18:59:52,647 [WARN] DbBoards:127 - board STM32G0C1E-EV has no document id list !
2021-07-02 18:59:52,647 [WARN] DbBoards:127 - board STM32G474E-EVAL1 has no document id list !
2021-07-02 18:59:52,647 [WARN] DbBoards:127 - board STM32H743I-EVAL2 has no document id list !
2021-07-02 18:59:52,647 [WARN] DbBoards:127 - board STM32H747I-DISC1 has no document id list !
2021-07-02 18:59:52,647 [WARN] DbBoards:127 - board STM32H753I-EVAL2 has no document id list !
2021-07-02 18:59:52,647 [WARN] DbBoards:127 - board STM32L-DISCOVERY has no document id list !
2021-07-02 18:59:52,647 [WARN] DbBoards:127 - board STM32MP157A-DK1 has no document id list !
2021-07-02 18:59:52,647 [WARN] DbBoards:127 - board STM32MP157F-DK2 has no document id list !
2021-07-02 18:59:52,647 [WARN] DbBoards:127 - board STM32MP157F-EV1 has no document id list !
2021-07-02 18:59:52,647 [WARN] DbBoards:127 - board STM32WB5MM-DK has no document id list !
2021-07-02 18:59:56,858 [INFO] ApiDb:251 - Load user favorites file C:\Users\Navjeevan/.stm32cubeide/favorites.boards.txt: 0 item(s)
2021-07-02 18:59:56,858 [INFO] ApiDb:255 - User favorites Boards=[]
2021-07-02 18:59:56,859 [INFO] DbBoards:206 - Set 0 / 0 favorites Boards
2021-07-02 18:59:57,495 [INFO] ServerAccessManage:348 - Download File ad.zip
2021-07-02 18:59:58,014 [INFO] CrossSelectorPresenter:1330 - Cross Selector saved comparison directory: C:\Users\Navjeevan\.stmcufinder\plugins\mcufinder\mcu\cs_comparisons_mx
2021-07-02 18:59:58,025 [INFO] MultiScanPanel:200 - Auto-refresh data requested => check proxy status ongoing
2021-07-02 18:59:58,030 [INFO] FinderPluginLoader:87 - Searching for filters in installed packs
2021-07-02 18:59:58,721 [WARN] DetailPanel:315 - Failed to get advertising image, set to default
2021-07-02 19:00:01,297 [INFO] FileExtend:225 - Unzip File : ad.zip
2021-07-02 19:00:01,298 [INFO] FileExtend:240 - Standard Zip Deflate
2021-07-02 19:00:01,330 [INFO] LoadUrlFilesThread:135 - End of LoadUrlFiles Thread
2021-07-02 19:00:03,500 [INFO] ServerAccessManage:348 - Download File mcusAds.json._tmp_
2021-07-02 19:00:03,524 [INFO] LoadUrlFilesThread:135 - End of LoadUrlFiles Thread
2021-07-02 19:00:04,353 [INFO] ServerAccessManage:348 - Download File mcusDocs.json._tmp_
2021-07-02 19:00:05,244 [INFO] LoadUrlFilesThread:135 - End of LoadUrlFiles Thread
2021-07-02 19:00:05,380 [INFO] ServerAccessManage:348 - Download File mcusFeaturesAndDescription.json._tmp_
2021-07-02 19:00:25,448 [INFO] LoadUrlFilesThread:135 - End of LoadUrlFiles Thread
2021-07-02 19:00:25,534 [INFO] ServerAccessManage:348 - Download File boardsDocs.json._tmp_
2021-07-02 19:00:26,076 [INFO] LoadUrlFilesThread:135 - End of LoadUrlFiles Thread
2021-07-02 19:00:26,219 [INFO] ServerAccessManage:348 - Download File boards.json._tmp_
2021-07-02 19:00:26,928 [INFO] LoadUrlFilesThread:135 - End of LoadUrlFiles Thread
2021-07-02 19:00:27,300 [INFO] ServerAccessManage:348 - Download File cube-finder-db.zip
2021-07-02 19:00:56,375 [INFO] FileExtend:225 - Unzip File : cube-finder-db.zip
2021-07-02 19:00:56,376 [INFO] FileExtend:240 - Standard Zip Deflate
2021-07-02 19:00:57,500 [INFO] LoadUrlFilesThread:135 - End of LoadUrlFiles Thread
2021-07-02 19:01:00,498 [INFO] ServerAccessManage:348 - Download File crdb.zip
2021-07-02 19:01:01,943 [INFO] FileExtend:225 - Unzip File : crdb.zip
2021-07-02 19:01:01,943 [INFO] FileExtend:240 - Standard Zip Deflate
2021-07-02 19:01:02,081 [INFO] LoadUrlFilesThread:135 - End of LoadUrlFiles Thread
2021-07-02 19:01:03,833 [INFO] ServerAccessManage:348 - Download File tutoVideoDB.zip
2021-07-02 19:01:04,105 [INFO] FileExtend:225 - Unzip File : tutoVideoDB.zip
2021-07-02 19:01:04,105 [INFO] FileExtend:240 - Standard Zip Deflate
2021-07-02 19:01:04,125 [INFO] LoadUrlFilesThread:135 - End of LoadUrlFiles Thread
2021-07-02 19:01:04,127 [INFO] DbMcusAds:132 - JSON generation date=Tue May 11 21:02:49 IST 2021 (1620747169502)
2021-07-02 19:01:04,142 [INFO] DbMcusDocs:143 - JSON generation date=Mon Jun 07 14:23:21 IST 2021 (1623056001)
2021-07-02 19:01:04,513 [INFO] DbMcusDocs:79 - Found 669 MCUs documents
2021-07-02 19:01:04,516 [INFO] ApiDb:276 - Save user favorites file C:\Users\Navjeevan/.stm32cubeide/favorites.mcus.txt: 1 item(s)
2021-07-02 19:01:04,516 [INFO] ApiDb:280 - User favorites MCUs=[STM32F446RETx]
2021-07-02 19:01:04,516 [INFO] DbMcusXml:100 - Load MCU database from C:\ST\STM32CubeIDE_1.1.0\STM32CubeIDE\plugins\com.st.stm32cube.common.mx_6.2.1.202103241236\\db\/mcu/families.xml
2021-07-02 19:01:06,324 [INFO] DbMcusJson:94 - JSON generation date=Mon Jun 07 14:23:21 IST 2021 (1623056001)
2021-07-02 19:01:07,031 [INFO] DbMcus:175 - Found 1906 MCUs (1866 are supported by CubeMX, 1866 are visible in CubeMX)
2021-07-02 19:01:07,031 [INFO] ApiDb:251 - Load user favorites file C:\Users\Navjeevan/.stm32cubeide/favorites.mcus.txt: 1 item(s)
2021-07-02 19:01:07,031 [INFO] ApiDb:255 - User favorites MCUs=[STM32F446RETx]
2021-07-02 19:01:07,032 [INFO] DbMcus:187 - Set 1 / 1 favorites MCUs
2021-07-02 19:01:07,551 [INFO] DbBoardsDocs:143 - JSON generation date=Tue Jun 01 11:22:40 IST 2021 (1622526760)
2021-07-02 19:01:07,571 [INFO] DbBoardsDocs:79 - Found 193 boards documents
2021-07-02 19:01:07,573 [INFO] ApiDb:276 - Save user favorites file C:\Users\Navjeevan/.stm32cubeide/favorites.boards.txt: 0 item(s)
2021-07-02 19:01:07,573 [INFO] ApiDb:280 - User favorites Boards=[]
2021-07-02 19:01:07,612 [INFO] DbBoardsPdsc:90 - Found 24 items
2021-07-02 19:01:07,636 [INFO] DbBoardsPdsc:90 - Found 9 items
2021-07-02 19:01:07,665 [INFO] DbBoardsPdsc:90 - Found 33 items
2021-07-02 19:01:07,678 [INFO] DbBoardsPdsc:90 - Found 1 items
2021-07-02 19:01:07,712 [INFO] DbBoardsPdsc:90 - Found 46 items
2021-07-02 19:01:07,748 [INFO] DbBoardsPdsc:90 - Found 41 items
2021-07-02 19:01:07,771 [INFO] DbBoardsPdsc:90 - Found 2 items
2021-07-02 19:01:07,790 [INFO] DbBoardsPdsc:90 - Found 5 items
2021-07-02 19:01:07,793 [WARN] DbBoardsPdsc:254 - Board NUCLEO-WB15CC: unknown feature type=, name=, username=Three user LEDs, n=1
2021-07-02 19:01:07,793 [WARN] DbBoardsPdsc:254 - Board NUCLEO-WB15CC: unknown feature type=, name=, username=One reset and three user push-buttons, n=1
2021-07-02 19:01:07,794 [WARN] DbBoardsPdsc:254 - Board NUCLEO-WB15CC: unknown feature type=, name=, username=Arduino Uno V3 expansion connector, n=1
2021-07-02 19:01:07,794 [WARN] DbBoardsPdsc:254 - Board NUCLEO-WB15CC: unknown feature type=, name=, username=ST morpho extension pin headers for full access to all STM32WB I/Os, n=1
2021-07-02 19:01:07,794 [WARN] DbBoardsPdsc:254 - Board NUCLEO-WB15CC: unknown feature type=, name=, username=Integrated PCB antenna and SMA connector footprint, n=1
2021-07-02 19:01:07,794 [WARN] DbBoardsPdsc:254 - Board NUCLEO-WB15CC: unknown feature type=, name=, username=Flexible power-supply options: ST-LINK, USB VBUS, or external sources, n=1
2021-07-02 19:01:07,795 [WARN] DbBoardsPdsc:254 - Board NUCLEO-WB15CC: unknown feature type=, name=, username=On-board footprint to mount a CR2032 battery socket, n=1
2021-07-02 19:01:07,795 [WARN] DbBoardsPdsc:254 - Board NUCLEO-WB15CC: unknown feature type=, name=, username=On-board ST-LINK/V2-1 debugger/programmer with USB re-enumeration capability: mass storage, Virtual COM port, and debug port, n=1
2021-07-02 19:01:07,795 [WARN] DbBoardsPdsc:254 - Board NUCLEO-WB15CC: unknown feature type=, name=, username=Comprehensive free software libraries and examples available with the STM32CubeWB MCU Package, n=1
2021-07-02 19:01:07,795 [WARN] DbBoardsPdsc:254 - Board NUCLEO-WB15CC: unknown feature type=, name=, username=Support of a wide choice of Integrated Development Environments (IDEs) including IAR Embedded Workbench, MDK-ARM, STM32CubeIDE, and Mbed Studio, n=1
2021-07-02 19:01:07,798 [WARN] DbBoardsPdsc:254 - Board STM32H7B3I-DK: unknown feature type=Audio, name=, username=Audio stereo codec with Headphone Amp (CS42L51-CNZ), n=1
2021-07-02 19:01:07,799 [WARN] DbBoardsPdsc:254 - Board STM32H735G-DK: unknown feature type=Audio, name=, username=Audio stereo codec with Headphone Amp (WM8994ECS/R), n=1
2021-07-02 19:01:07,800 [WARN] DbBoardsPdsc:254 - Board STM32WB5MM-DK: unknown feature type=, name=, username=Time-of-Flight and gesture-detection sensor, n=1
2021-07-02 19:01:07,800 [WARN] DbBoardsPdsc:254 - Board STM32WB5MM-DK: unknown feature type=, name=, username=3 push-buttons (2 users and 1 reset) and 1 touch key button, n=1
2021-07-02 19:01:07,800 [WARN] DbBoardsPdsc:254 - Board STM32WB5MM-DK: unknown feature type=, name=, username=Flexible power-supply options: ST-LINK/V2-1 USB connector, 5 V delivered by ARDUINO速 or external connector, USB charger, or USB power, n=1
2021-07-02 19:01:07,800 [WARN] DbBoardsPdsc:254 - Board STM32WB5MM-DK: unknown feature type=, name=, username=On-board ST-LINK/V2-1 debugger/programmer with USB re-enumeration capability: Virtual COM port and debug port, n=1
2021-07-02 19:01:07,801 [WARN] DbBoardsPdsc:254 - Board STM32WB5MM-DK: unknown feature type=, name=, username=Comprehensive free software libraries and examples available with the STM32CubeWB MCU Package, n=1
2021-07-02 19:01:07,801 [WARN] DbBoardsPdsc:254 - Board STM32WB5MM-DK: unknown feature type=, name=, username=Support of a wide choice of Integrated Development Environments (IDEs) including IAR Embedded Workbench速, MDK-ARM, and STM32CubeIDE, n=1
2021-07-02 19:01:07,804 [WARN] DbBoardsPdsc:254 - Board STM32H7B3I-EVAL: unknown feature type=Audio, name=, username=Multi-Channel Audio Codec (CS42L51-CNZ), n=1
2021-07-02 19:01:07,804 [WARN] DbBoardsPdsc:254 - Board STM32H7B3I-EVAL: unknown feature type=Meter, name=, username=Power-metering and Temperature-monitoring with sigma-delta modulators, n=1
2021-07-02 19:01:07,805 [WARN] DbBoardsPdsc:254 - Board STM32H7B3I-EVAL: unknown feature type=Motor, name=, username=Motor Control, n=1
2021-07-02 19:01:07,925 [INFO] DbBoardsJson:87 - JSON generation date=Tue Jun 01 11:22:40 IST 2021 (1622526760)
2021-07-02 19:01:07,931 [INFO] DbBoards:117 - Found 161 boards (158 are supported by CubeMX)
2021-07-02 19:01:07,931 [WARN] DbBoards:127 - board B-L462E-CELL1 has no document id list !
2021-07-02 19:01:07,931 [WARN] DbBoards:127 - board B-L475E-IOT01A2 has no document id list !
2021-07-02 19:01:07,931 [WARN] DbBoards:127 - board NUCLEO-G0B1RE has no document id list !
2021-07-02 19:01:07,931 [WARN] DbBoards:127 - board NUCLEO-H743ZI has no document id list !
2021-07-02 19:01:07,931 [WARN] DbBoards:127 - board NUCLEO-L4A6ZG has no document id list !
2021-07-02 19:01:07,931 [WARN] DbBoards:127 - board NUCLEO-WB15CC has no document id list !
2021-07-02 19:01:07,932 [WARN] DbBoards:127 - board NUCLEO-WB55RG has no document id list !
2021-07-02 19:01:07,932 [WARN] DbBoards:127 - board NUCLEO-WL55JC2 has no document id list !
2021-07-02 19:01:07,932 [WARN] DbBoards:127 - board P-NUCLEO-WB55-Nucleo has no document id list !
2021-07-02 19:01:07,932 [WARN] DbBoards:127 - board P-NUCLEO-WB55-USBDongle has no document id list !
2021-07-02 19:01:07,932 [WARN] DbBoards:127 - board STEVAL-BFA001V1B has no document id list !
2021-07-02 19:01:07,932 [WARN] DbBoards:127 - board STEVAL-BFA001V2B has no document id list !
2021-07-02 19:01:07,932 [WARN] DbBoards:127 - board STEVAL-IDP005V1 has no document id list !
2021-07-02 19:01:07,932 [WARN] DbBoards:127 - board STEVAL-IDP005V2 has no document id list !
2021-07-02 19:01:07,932 [WARN] DbBoards:127 - board STEVAL-MKSBOX1V1 has no document id list !
2021-07-02 19:01:07,932 [WARN] DbBoards:127 - board STEVAL-STWINKT1 has no document id list !
2021-07-02 19:01:07,932 [WARN] DbBoards:127 - board STEVAL-STWINKT1B has no document id list !
2021-07-02 19:01:07,932 [WARN] DbBoards:127 - board STM32F401C-DISCO has no document id list !
2021-07-02 19:01:07,932 [WARN] DbBoards:127 - board STM32F769I-DISC1 has no document id list !
2021-07-02 19:01:07,932 [WARN] DbBoards:127 - board STM32G0C1E-EV has no document id list !
2021-07-02 19:01:07,932 [WARN] DbBoards:127 - board STM32G474E-EVAL1 has no document id list !
2021-07-02 19:01:07,933 [WARN] DbBoards:127 - board STM32H743I-EVAL2 has no document id list !
2021-07-02 19:01:07,933 [WARN] DbBoards:127 - board STM32H747I-DISC1 has no document id list !
2021-07-02 19:01:07,933 [WARN] DbBoards:127 - board STM32H753I-EVAL2 has no document id list !
2021-07-02 19:01:07,933 [WARN] DbBoards:127 - board STM32L-DISCOVERY has no document id list !
2021-07-02 19:01:07,933 [WARN] DbBoards:127 - board STM32MP157A-DK1 has no document id list !
2021-07-02 19:01:07,933 [WARN] DbBoards:127 - board STM32MP157F-DK2 has no document id list !
2021-07-02 19:01:07,933 [WARN] DbBoards:127 - board STM32MP157F-EV1 has no document id list !
2021-07-02 19:01:07,933 [WARN] DbBoards:127 - board STM32WB5MM-DK has no document id list !
2021-07-02 19:01:10,891 [INFO] ApiDb:251 - Load user favorites file C:\Users\Navjeevan/.stm32cubeide/favorites.boards.txt: 0 item(s)
2021-07-02 19:01:10,891 [INFO] ApiDb:255 - User favorites Boards=[]
2021-07-02 19:01:10,891 [INFO] DbBoards:206 - Set 0 / 0 favorites Boards
2021-07-02 19:01:11,467 [INFO] ApiDb:479 - Connected to CubeFinder SQLite database (C:\Users\Navjeevan\.stmcufinder\plugins\mcufinder\mcu\cube-finder-db.db)
2021-07-02 19:01:12,265 [INFO] DbExamplesSqlite:401 - Ignored 36 examples not supported by CubeIDE
2021-07-02 19:01:12,265 [INFO] DbExamplesSqlite:402 - Found 4835 examples active
2021-07-02 19:01:12,265 [INFO] DbExamplesSqlite:403 - Found 274 examples obsolete
2021-07-02 19:01:12,265 [INFO] DbExamplesSqlite:404 - Found 0 examples under development
2021-07-02 19:01:12,265 [INFO] DbExamplesSqlite:405 - Found 76 examples not building
2021-07-02 19:01:12,294 [INFO] DbExamplesSqlite:104 - CubeFinder database Data Model version=2.1
2021-07-02 19:01:12,294 [INFO] DbExamplesSqlite:105 - CubeFinder database Configuration version=3.0-WIP12
2021-07-02 19:01:12,294 [INFO] DbExamplesSqlite:106 - CubeFinder database generation date=2021-05-10 (1620656699)
2021-07-02 19:01:12,294 [INFO] DbExamplesSqlite:107 - CubeFinder database FW Pack versions=[STM32Cube_FW_F4_V1.26.1, STM32Cube_FW_F7_V1.16.1, STM32Cube_FW_G0_V1.4.1, STM32Cube_FW_G4_V1.4.0, STM32Cube_FW_H7_V1.9.0, STM32Cube_FW_L5_V1.4.0, STM32Cube_FW_WB_V1.11.1, STM32Cube_FW_WL_V1.0.0, X-CUBE-AZRTOS-H7_V1.0.0, X-CUBE-BLE1_V6.2.0, X-CUBE-BLE2_V3.2.0, X-CUBE-GNSS1_V5.2.0]
2021-07-02 19:01:12,295 [INFO] DbExamples:130 - Found 4875 examples
2021-07-02 19:01:12,836 [ERROR] DbExamples:206 - Found 301 examples with invalid data (board or MCU)
2021-07-02 19:01:12,836 [INFO] DbExamples:222 - Found 63 boards with related examples
2021-07-02 19:01:12,845 [INFO] DbExamples:235 - Found 52 MCUs with related examples
2021-07-02 19:01:12,859 [INFO] ApiDb:242 - User favorites file not found: C:\Users\Navjeevan/.stm32cubeide/favorites.examples.txt
2021-07-02 19:01:12,859 [INFO] DbExamples:256 - Set 0 / 0 favorites Examples
2021-07-02 19:01:13,226 [INFO] CrossSelectorPresenter:1330 - Cross Selector saved comparison directory: C:\Users\Navjeevan\.stmcufinder\plugins\mcufinder\mcu\cs_comparisons_mx
2021-07-02 19:01:13,227 [INFO] MultiScanPanel:200 - Auto-refresh data requested => check proxy status ongoing
2021-07-02 19:01:13,229 [INFO] FinderPluginLoader:87 - Searching for filters in installed packs
2021-07-02 19:01:13,452 [WARN] DetailPanel:315 - Failed to get advertising image, set to default
2021-07-02 19:01:58,557 [INFO] MultiScanPanel:200 - Auto-refresh data requested => check proxy status ongoing
2021-07-02 19:01:58,607 [WARN] DetailPanel:315 - Failed to get advertising image, set to default
2021-07-02 19:02:34,402 [INFO] ApiDb:276 - Save user favorites file C:\Users\Navjeevan/.stm32cubeide/favorites.mcus.txt: 1 item(s)
2021-07-02 19:02:34,403 [INFO] ApiDb:280 - User favorites MCUs=[STM32F446RETx]
2021-07-02 19:02:34,424 [INFO] ApiDb:276 - Save user favorites file C:\Users\Navjeevan/.stm32cubeide/favorites.boards.txt: 0 item(s)
2021-07-02 19:02:34,424 [INFO] ApiDb:280 - User favorites Boards=[]
2021-07-02 19:15:57,671 [INFO] MainUpdater:2661 - connection check result : 10
2021-07-02 19:15:57,843 [INFO] CrossSelectorPresenter:1330 - Cross Selector saved comparison directory: C:\Users\Navjeevan\.stmcufinder\plugins\mcufinder\mcu\cs_comparisons_mx
2021-07-02 19:15:57,845 [INFO] MultiScanPanel:200 - Auto-refresh data requested => check proxy status ongoing
2021-07-02 19:15:57,846 [INFO] FinderPluginLoader:87 - Searching for filters in installed packs
2021-07-02 19:15:58,576 [WARN] DetailPanel:315 - Failed to get advertising image, set to default
2021-07-02 19:16:02,265 [INFO] MultiScanPanel:200 - Auto-refresh data requested => check proxy status ongoing
2021-07-02 19:16:02,310 [WARN] DetailPanel:315 - Failed to get advertising image, set to default
2021-07-02 19:16:32,759 [INFO] ApiDb:276 - Save user favorites file C:\Users\Navjeevan/.stm32cubeide/favorites.mcus.txt: 1 item(s)
2021-07-02 19:16:32,759 [INFO] ApiDb:280 - User favorites MCUs=[STM32F446RETx]
2021-07-02 19:16:32,790 [INFO] ApiDb:276 - Save user favorites file C:\Users\Navjeevan/.stm32cubeide/favorites.boards.txt: 0 item(s)
2021-07-02 19:16:32,792 [INFO] ApiDb:280 - User favorites Boards=[]
